2026-03-13 01:12:43.619 [    INFO] sm:Template.py:31 - __init__() - The asset dir is: /usr/lib/cgi-bin/static/assets/enabled
2026-03-13 01:12:43.634 [    INFO] sm:Template.py:46 - __init__() - web_path: /cgi-bin/static/assets/enabled/custom/css/base.css

2026-03-13 01:12:43.642 [    INFO] sm:Template.py:50 - __init__() - domObject <Element html at 0x7fe545a77c40>

2026-03-13 01:12:43.650 [    INFO] sm:Template.py:46 - __init__() - web_path: /cgi-bin/static/assets/enabled/custom/js/app.js

2026-03-13 01:12:43.662 [    INFO] sm:Template.py:46 - __init__() - web_path: /cgi-bin/static/assets/enabled/vendor/css/bootstrap/bootstrap.css

2026-03-13 01:12:43.671 [    INFO] sm:Template.py:50 - __init__() - domObject <Element html at 0x7fe545a75ee0>

2026-03-13 01:12:43.679 [    INFO] sm:Template.py:46 - __init__() - web_path: /cgi-bin/static/assets/enabled/vendor/js/jquery/jequery.js

2026-03-13 01:13:42.644 [    INFO] sm:Template.py:31 - __init__() - The asset dir is: /usr/lib/cgi-bin/static/assets/enabled
2026-03-13 01:13:42.650 [    INFO] sm:Template.py:46 - __init__() - web_path: /cgi-bin/static/assets/enabled/custom/css/base.css

2026-03-13 01:13:42.652 [    INFO] sm:Template.py:50 - __init__() - domObject <Element html at 0x7f746ee5a840>

2026-03-13 01:13:42.653 [    INFO] sm:Template.py:46 - __init__() - web_path: /cgi-bin/static/assets/enabled/custom/js/app.js

2026-03-13 01:13:42.655 [    INFO] sm:Template.py:46 - __init__() - web_path: /cgi-bin/static/assets/enabled/vendor/css/bootstrap/bootstrap.css

2026-03-13 01:13:42.656 [    INFO] sm:Template.py:50 - __init__() - domObject <Element html at 0x7f746ee5a570>

2026-03-13 01:13:42.657 [    INFO] sm:Template.py:46 - __init__() - web_path: /cgi-bin/static/assets/enabled/vendor/js/jquery/jequery.js

2026-03-13 01:14:07.151 [    INFO] sm:Template.py:31 - __init__() - The asset dir is: /usr/lib/cgi-bin/static/assets/enabled
2026-03-13 01:14:07.156 [    INFO] sm:Template.py:46 - __init__() - web_path: /cgi-bin/static/assets/enabled/custom/css/base.css

2026-03-13 01:14:07.158 [    INFO] sm:Template.py:50 - __init__() - domObject <Element html at 0x7f1945dc6520>

2026-03-13 01:14:07.160 [    INFO] sm:Template.py:46 - __init__() - web_path: /cgi-bin/static/assets/enabled/custom/js/app.js

2026-03-13 01:14:07.162 [    INFO] sm:Template.py:46 - __init__() - web_path: /cgi-bin/static/assets/enabled/vendor/css/bootstrap/bootstrap.css

2026-03-13 01:14:07.163 [    INFO] sm:Template.py:50 - __init__() - domObject <Element html at 0x7f1945dc67f0>

2026-03-13 01:14:07.165 [    INFO] sm:Template.py:46 - __init__() - web_path: /cgi-bin/static/assets/enabled/vendor/js/jquery/jequery.js

2026-03-13 01:46:44.210 [    INFO] sm:Template.py:31 - __init__() - The asset dir is: /usr/lib/cgi-bin/static/assets/enabled
2026-03-13 01:47:33.032 [    INFO] sm:Template.py:31 - __init__() - The asset dir is: /usr/lib/cgi-bin/static/assets/enabled
2026-03-13 01:48:42.988 [    INFO] sm:Template.py:31 - __init__() - The asset dir is: /usr/lib/cgi-bin/static/assets/enabled
2026-03-13 01:49:55.403 [    INFO] sm:Template.py:31 - __init__() - The asset dir is: /usr/lib/cgi-bin/static/assets/enabled
2026-03-13 01:52:18.375 [    INFO] sm:Template.py:31 - __init__() - The asset dir is: /usr/lib/cgi-bin/static/assets/enabled
2026-03-13 01:56:46.041 [    INFO] sm:Template.py:31 - __init__() - The asset dir is: /usr/lib/cgi-bin/static/assets/enabled
2026-03-13 02:01:18.760 [    INFO] sm:Template.py:31 - __init__() - The asset dir is: /usr/lib/cgi-bin/static/assets/enabled
2026-03-13 02:06:08.367 [    INFO] sm:Template.py:31 - __init__() - The asset dir is: /usr/lib/cgi-bin/static/assets/enabled
2026-03-13 02:06:36.544 [    INFO] sm:Template.py:31 - __init__() - The asset dir is: /usr/lib/cgi-bin/static/assets/enabled
2026-03-13 02:07:05.941 [    INFO] sm:Template.py:31 - __init__() - The asset dir is: /usr/lib/cgi-bin/static/assets/enabled
2026-03-13 02:07:39.245 [    INFO] sm:Template.py:31 - __init__() - The asset dir is: /usr/lib/cgi-bin/static/assets/enabled
2026-03-13 02:08:31.147 [    INFO] sm:Template.py:31 - __init__() - The asset dir is: /usr/lib/cgi-bin/static/assets/enabled
2026-03-13 02:09:00.855 [    INFO] sm:Template.py:31 - __init__() - The asset dir is: /usr/lib/cgi-bin/static/assets/enabled
2026-03-13 02:09:09.887 [    INFO] sm:Template.py:31 - __init__() - The asset dir is: /usr/lib/cgi-bin/static/assets/enabled
2026-03-13 02:17:26.653 [    INFO] sm:Template.py:31 - __init__() - The asset dir is: /usr/lib/cgi-bin/static/assets/enabled
2026-03-13 02:17:30.854 [    INFO] sm:Template.py:31 - __init__() - The asset dir is: /usr/lib/cgi-bin/static/assets/enabled
2026-03-13 02:17:31.688 [    INFO] sm:Template.py:31 - __init__() - The asset dir is: /usr/lib/cgi-bin/static/assets/enabled
2026-03-13 02:19:31.416 [    INFO] sm:Template.py:31 - __init__() - The asset dir is: /usr/lib/cgi-bin/static/assets/enabled
2026-03-13 02:23:02.343 [    INFO] sm:Template.py:31 - __init__() - The asset dir is: /usr/lib/cgi-bin/static/assets/enabled
2026-03-13 02:24:26.031 [    INFO] sm:Template.py:31 - __init__() - The asset dir is: /usr/lib/cgi-bin/static/assets/enabled
2026-03-13 02:25:03.753 [    INFO] sm:Template.py:31 - __init__() - The asset dir is: /usr/lib/cgi-bin/static/assets/enabled
2026-03-21 17:38:22.631 [    INFO] sm:Template.py:31 - __init__() - The asset dir is: /usr/lib/cgi-bin/static/assets/enabled
2026-03-21 17:41:48.330 [    INFO] sm:Template.py:31 - __init__() - The asset dir is: /usr/lib/cgi-bin/static/assets/enabled
2026-03-21 17:42:28.526 [    INFO] sm:Template.py:31 - __init__() - The asset dir is: /var/www/html/static/assets/enabled
2026-03-21 17:44:50.528 [    INFO] sm:Template.py:31 - __init__() - The asset dir is: /var/www/html/static/assets/enabled
2026-03-21 17:45:21.368 [    INFO] sm:Template.py:31 - __init__() - The asset dir is: /var/www/html/static/assets/enabled
2026-03-21 17:48:12.450 [    INFO] sm:Template.py:31 - __init__() - The asset dir is: /var/www/html/static/assets/enabled
2026-03-21 17:52:37.660 [    INFO] sm:Template.py:31 - __init__() - The asset dir is: /var/www/html/static/assets/enabled
2026-03-21 17:54:44.185 [    INFO] sm:Template.py:31 - __init__() - The asset dir is: /var/www/html/static/assets/enabled
2026-03-21 17:56:14.961 [    INFO] sm:Template.py:31 - __init__() - The asset dir is: /var/www/html/static/assets/enabled
2026-03-21 17:58:27.208 [    INFO] sm:Template.py:31 - __init__() - The asset dir is: /var/www/html/static/assets/enabled
2026-03-21 18:00:51.976 [    INFO] sm:Template.py:31 - __init__() - The asset dir is: /var/www/html/static/assets/enabled
2026-03-21 18:11:30.479 [    INFO] sm:Template.py:32 - __init__() - The asset dir is: /var/www/html/static/assets/enabled
2026-03-21 18:14:11.685 [    INFO] sm:Template.py:32 - __init__() - The asset dir is: /var/www/html/static/assets/enabled
2026-03-21 18:23:54.515 [    INFO] sm:Template.py:32 - __init__() - The asset dir is: /var/www/html/static/assets/enabled
2026-03-21 18:23:58.139 [    INFO] sm:Template.py:32 - __init__() - The asset dir is: /var/www/html/static/assets/enabled
2026-03-21 18:27:20.435 [    INFO] sm:Template.py:32 - __init__() - The asset dir is: /var/www/html/static/assets/enabled
2026-03-21 23:06:23.977 [    INFO] sm:Template.py:32 - __init__() - The asset dir is: /var/www/html/static/assets/enabled
2026-03-21 23:52:18.260 [    INFO] sm:Template.py:32 - __init__() - The asset dir is: /var/www/html/static/assets/enabled
2026-03-22 01:57:48.342 [    INFO] sm:Template.py:32 - __init__() - The asset dir is: /var/www/html/static/assets/enabled
2026-03-22 01:58:44.469 [    INFO] sm:Template.py:32 - __init__() - The asset dir is: /var/www/html/static/assets/enabled
2026-03-25 09:07:03.743 [    INFO] sm:Template.py:32 - __init__() - The asset dir is: /var/www/html/static/assets/enabled
2026-03-25 09:08:08.174 [    INFO] sm:Template.py:32 - __init__() - The asset dir is: /var/www/html/static/assets/enabled
2026-03-25 09:09:15.484 [    INFO] sm:Template.py:32 - __init__() - The asset dir is: /var/www/html/static/assets/enabled
2026-03-25 09:10:28.285 [    INFO] sm:Template.py:32 - __init__() - The asset dir is: /var/www/html/static/assets/enabled
2026-03-25 09:12:11.062 [    INFO] sm:Template.py:32 - __init__() - The asset dir is: /var/www/html/static/assets/enabled
2026-03-26 15:48:47.659 [    INFO] sm:Template.py:32 - __init__() - The asset dir is: /var/www/html/static/assets/enabled
2026-03-26 15:48:47.679 [    INFO] sm:Template.py:124 - insert_view() - <Element div at 0x70f56c925810>
2026-03-26 16:02:41.277 [    INFO] sm:Template.py:32 - __init__() - The asset dir is: /var/www/html/static/assets/enabled
2026-03-26 16:02:41.320 [    INFO] sm:Template.py:124 - insert_view() - <Element div at 0x7132090319a0>
2026-03-26 16:29:55.201 [    INFO] sm:Template.py:32 - __init__() - The asset dir is: /var/www/html/static/assets/enabled
2026-03-26 16:29:55.220 [    INFO] sm:Template.py:124 - insert_view() - <Element div at 0x7d338c1199f0>
2026-03-26 16:32:57.074 [    INFO] sm:Template.py:32 - __init__() - The asset dir is: /var/www/html/static/assets/enabled
2026-03-26 16:32:57.093 [    INFO] sm:Template.py:124 - insert_view() - <Element div at 0x72062c82d7c0>
2026-03-26 16:33:13.980 [    INFO] sm:Template.py:127 - insert_view() - <div>i am a view that i will have inserted myself that ios, into the document ont the fly using lxml and a numger if ither things
    
</div>
2026-03-26 16:34:37.783 [    INFO] sm:Template.py:32 - __init__() - The asset dir is: /var/www/html/static/assets/enabled
2026-03-26 16:34:37.809 [    INFO] sm:Template.py:124 - insert_view() - <Element div at 0x73ec1d231900>
2026-03-26 16:34:37.813 [    INFO] sm:Template.py:127 - insert_view() - <div>i am a view that i will have inserted myself that ios, into the document ont the fly using lxml and a numger if ither things
    
</div>
2026-03-26 16:36:21.928 [    INFO] sm:Template.py:32 - __init__() - The asset dir is: /var/www/html/static/assets/enabled
2026-03-26 16:36:21.945 [    INFO] sm:Template.py:124 - insert_view() - <Element div at 0x7cc7140219a0>
2026-03-26 16:36:21.949 [    INFO] sm:Template.py:128 - insert_view() - <Element div at 0x7cc714022490>
2026-03-26 16:36:31.691 [    INFO] sm:Template.py:32 - __init__() - The asset dir is: /var/www/html/static/assets/enabled
2026-03-26 16:36:31.705 [    INFO] sm:Template.py:124 - insert_view() - <Element div at 0x7e8eb9105770>
2026-03-26 16:36:31.710 [    INFO] sm:Template.py:128 - insert_view() - <Element div at 0x7e8eb9106260>
2026-03-26 16:37:15.418 [    INFO] sm:Template.py:32 - __init__() - The asset dir is: /var/www/html/static/assets/enabled
2026-03-26 16:37:15.433 [    INFO] sm:Template.py:124 - insert_view() - <Element div at 0x70497dbfd680>
2026-03-26 16:37:15.437 [    INFO] sm:Template.py:128 - insert_view() - <Element div at 0x70497dbfe170>
2026-03-26 16:39:37.451 [    INFO] sm:Template.py:32 - __init__() - The asset dir is: /var/www/html/static/assets/enabled
2026-03-26 20:27:41.429 [    INFO] sm:Template.py:32 - __init__() - The asset dir is: /var/www/html/static/assets/enabled
2026-03-26 20:31:41.417 [    INFO] sm:Template.py:32 - __init__() - The asset dir is: /var/www/html/static/assets/enabled
2026-03-26 20:34:12.791 [    INFO] sm:Template.py:32 - __init__() - The asset dir is: /var/www/html/static/assets/enabled
2026-03-26 20:34:50.467 [    INFO] sm:Template.py:32 - __init__() - The asset dir is: /var/www/html/static/assets/enabled
2026-03-26 20:37:05.772 [    INFO] sm:Template.py:32 - __init__() - The asset dir is: /var/www/html/static/assets/enabled
2026-03-26 20:48:42.952 [    INFO] sm:Template.py:33 - __init__() - The asset dir is: /var/www/html/static/assets/enabled
2026-03-26 20:49:38.675 [    INFO] sm:Template.py:33 - __init__() - The asset dir is: /var/www/html/static/assets/enabled
2026-03-26 20:50:56.296 [    INFO] sm:Template.py:33 - __init__() - The asset dir is: /var/www/html/static/assets/enabled
2026-03-26 20:50:56.748 [    INFO] sm:Template.py:33 - __init__() - The asset dir is: /var/www/html/static/assets/enabled
2026-03-26 20:51:28.486 [    INFO] sm:Template.py:33 - __init__() - The asset dir is: /var/www/html/static/assets/enabled
2026-03-26 20:55:14.644 [    INFO] sm:Template.py:32 - __init__() - The asset dir is: /var/www/html/static/assets/enabled
2026-03-26 20:55:50.529 [    INFO] sm:Template.py:32 - __init__() - The asset dir is: /var/www/html/static/assets/enabled
2026-03-26 20:56:52.252 [    INFO] sm:Template.py:32 - __init__() - The asset dir is: /var/www/html/static/assets/enabled
2026-03-26 20:57:46.784 [    INFO] sm:Template.py:32 - __init__() - The asset dir is: /var/www/html/static/assets/enabled
2026-03-26 20:59:31.826 [    INFO] sm:Template.py:32 - __init__() - The asset dir is: /var/www/html/static/assets/enabled
2026-03-26 21:00:24.025 [    INFO] sm:Template.py:32 - __init__() - The asset dir is: /var/www/html/static/assets/enabled
2026-03-26 21:00:26.446 [    INFO] sm:Template.py:32 - __init__() - The asset dir is: /var/www/html/static/assets/enabled
2026-03-26 21:01:56.381 [    INFO] sm:Template.py:32 - __init__() - The asset dir is: /var/www/html/static/assets/enabled
2026-03-26 21:29:41.726 [    INFO] sm:Template.py:32 - __init__() - The asset dir is: /var/www/html/static/assets/enabled
2026-03-26 21:30:42.836 [    INFO] sm:Template.py:32 - __init__() - The asset dir is: /var/www/html/static/assets/enabled
2026-03-26 21:33:03.750 [    INFO] sm:Template.py:32 - __init__() - The asset dir is: /var/www/html/static/assets/enabled
2026-03-26 21:33:06.095 [    INFO] sm:Template.py:32 - __init__() - The asset dir is: /var/www/html/static/assets/enabled
2026-03-26 21:34:01.572 [    INFO] sm:Template.py:32 - __init__() - The asset dir is: /var/www/html/static/assets/enabled
2026-03-26 21:53:00.746 [    INFO] sm:Template.py:32 - __init__() - The asset dir is: /var/www/html/static/assets/enabled
2026-03-26 21:54:56.861 [    INFO] sm:Template.py:32 - __init__() - The asset dir is: /var/www/html/static/assets/enabled
2026-03-26 22:32:46.459 [    INFO] sm:Template.py:32 - __init__() - The asset dir is: /var/www/html/static/assets/enabled
2026-03-26 22:58:49.856 [    INFO] sm:Template.py:32 - __init__() - The asset dir is: /var/www/html/static/assets/enabled
2026-03-26 23:00:09.880 [    INFO] sm:Template.py:32 - __init__() - The asset dir is: /var/www/html/static/assets/enabled
2026-03-26 23:11:04.289 [    INFO] sm:Template.py:32 - __init__() - The asset dir is: /var/www/html/static/assets/enabled
2026-03-26 23:12:39.780 [    INFO] sm:Template.py:32 - __init__() - The asset dir is: /var/www/html/static/assets/enabled
2026-03-26 23:15:32.004 [    INFO] sm:Template.py:32 - __init__() - The asset dir is: /var/www/html/static/assets/enabled
2026-03-26 23:17:24.062 [    INFO] sm:Template.py:32 - __init__() - The asset dir is: /var/www/html/static/assets/enabled
2026-03-26 23:22:18.946 [    INFO] sm:Template.py:32 - __init__() - The asset dir is: /var/www/html/static/assets/enabled
2026-03-26 23:22:27.003 [    INFO] sm:Template.py:32 - __init__() - The asset dir is: /var/www/html/static/assets/enabled
2026-03-26 23:24:09.171 [    INFO] sm:Template.py:32 - __init__() - The asset dir is: /var/www/html/static/assets/enabled
2026-03-26 23:30:36.869 [    INFO] sm:Template.py:32 - __init__() - The asset dir is: /var/www/html/static/assets/enabled
2026-03-27 00:00:51.704 [    INFO] sm:Template.py:32 - __init__() - The asset dir is: /var/www/html/static/assets/enabled
2026-03-27 00:00:56.710 [    INFO] sm:Template.py:32 - __init__() - The asset dir is: /var/www/html/static/assets/enabled
2026-03-27 00:02:26.145 [    INFO] sm:Template.py:32 - __init__() - The asset dir is: /var/www/html/static/assets/enabled
2026-03-27 00:03:52.926 [    INFO] sm:Template.py:32 - __init__() - The asset dir is: /var/www/html/static/assets/enabled
2026-03-27 00:05:41.061 [    INFO] sm:Template.py:32 - __init__() - The asset dir is: /var/www/html/static/assets/enabled
2026-03-27 00:08:21.500 [    INFO] sm:Template.py:32 - __init__() - The asset dir is: /var/www/html/static/assets/enabled
2026-03-27 00:08:35.416 [    INFO] sm:Template.py:32 - __init__() - The asset dir is: /var/www/html/static/assets/enabled
2026-03-27 00:15:43.513 [    INFO] sm:Template.py:32 - __init__() - The asset dir is: /var/www/html/static/assets/enabled
2026-03-27 16:01:12.208 [    INFO] sm:Template.py:32 - __init__() - The asset dir is: /var/www/html/static/assets/enabled
2026-03-27 16:07:33.124 [    INFO] sm:Template.py:32 - __init__() - The asset dir is: /var/www/html/static/assets/enabled
2026-03-27 17:16:05.893 [    INFO] sm:Template.py:32 - __init__() - The asset dir is: /var/www/html/static/assets/enabled
2026-03-30 23:39:34.110 [    INFO] sm:Template.py:32 - __init__() - The asset dir is: /var/www/html/static/assets/enabled
2026-03-31 00:59:41.456 [    INFO] sm:Template.py:32 - __init__() - The asset dir is: /var/www/html/static/assets/enabled
2026-03-31 00:59:41.986 [    INFO] sm:Template.py:32 - __init__() - The asset dir is: /var/www/html/static/assets/enabled
2026-03-31 01:00:19.557 [    INFO] sm:Template.py:32 - __init__() - The asset dir is: /var/www/html/static/assets/enabled
2026-03-31 01:00:47.856 [    INFO] sm:Template.py:32 - __init__() - The asset dir is: /var/www/html/static/assets/enabled
2026-03-31 01:00:48.425 [    INFO] sm:Template.py:32 - __init__() - The asset dir is: /var/www/html/static/assets/enabled
2026-03-31 01:00:48.781 [    INFO] sm:Template.py:32 - __init__() - The asset dir is: /var/www/html/static/assets/enabled
2026-03-31 01:00:48.847 [    INFO] sm:Template.py:32 - __init__() - The asset dir is: /var/www/html/static/assets/enabled
2026-03-31 01:00:49.000 [    INFO] sm:Template.py:32 - __init__() - The asset dir is: /var/www/html/static/assets/enabled
2026-03-31 01:00:49.322 [    INFO] sm:Template.py:32 - __init__() - The asset dir is: /var/www/html/static/assets/enabled
2026-03-31 01:00:49.732 [    INFO] sm:Template.py:32 - __init__() - The asset dir is: /var/www/html/static/assets/enabled
2026-03-31 01:00:49.738 [    INFO] sm:Template.py:32 - __init__() - The asset dir is: /var/www/html/static/assets/enabled
2026-03-31 01:00:50.065 [    INFO] sm:Template.py:32 - __init__() - The asset dir is: /var/www/html/static/assets/enabled
2026-03-31 01:00:50.362 [    INFO] sm:Template.py:32 - __init__() - The asset dir is: /var/www/html/static/assets/enabled
2026-03-31 01:00:50.362 [    INFO] sm:Template.py:32 - __init__() - The asset dir is: /var/www/html/static/assets/enabled
2026-03-31 01:00:50.486 [    INFO] sm:Template.py:32 - __init__() - The asset dir is: /var/www/html/static/assets/enabled
2026-03-31 15:28:24.825 [    INFO] sm:Template.py:32 - __init__() - The asset dir is: /var/www/html/static/assets/enabled
2026-03-31 16:09:15.207 [    INFO] sm:Template.py:32 - __init__() - The asset dir is: /var/www/html/static/assets/enabled
2026-03-31 17:59:52.278 [    INFO] sm:Template.py:32 - __init__() - The asset dir is: /var/www/html/static/assets/enabled
2026-03-31 18:00:07.880 [    INFO] sm:Template.py:32 - __init__() - The asset dir is: /var/www/html/static/assets/enabled
2026-03-31 18:00:08.084 [    INFO] sm:Template.py:32 - __init__() - The asset dir is: /var/www/html/static/assets/enabled
2026-03-31 18:01:08.324 [    INFO] sm:Template.py:32 - __init__() - The asset dir is: /var/www/html/static/assets/enabled
2026-03-31 18:02:19.514 [    INFO] sm:Template.py:32 - __init__() - The asset dir is: /var/www/html/static/assets/enabled
2026-03-31 18:03:26.836 [    INFO] sm:Template.py:32 - __init__() - The asset dir is: /var/www/html/static/assets/enabled
2026-03-31 18:03:29.911 [    INFO] sm:Template.py:32 - __init__() - The asset dir is: /var/www/html/static/assets/enabled
2026-03-31 18:04:37.508 [    INFO] sm:Template.py:32 - __init__() - The asset dir is: /var/www/html/static/assets/enabled
2026-03-31 18:04:42.011 [    INFO] sm:Template.py:32 - __init__() - The asset dir is: /var/www/html/static/assets/enabled
2026-04-01 08:08:47.945 [    INFO] sm:Template.py:32 - __init__() - The asset dir is: /var/www/html/static/assets/enabled
